[  0%] Built target _hrwros_gazebo_generate_messages_check_deps_LogicalCameraImage
[  0%] Built target _hrwros_gazebo_generate_messages_check_deps_ConveyorBeltState
[  0%] Built target _hrwros_gazebo_generate_messages_check_deps_VacuumGripperState
[  0%] Built target _hrwros_gazebo_generate_messages_check_deps_VacuumGripperControl
[  0%] Built target _hrwros_gazebo_generate_messages_check_deps_Model
[  0%] Built target _hrwros_gazebo_generate_messages_check_deps_Proximity
[  0%] Built target _hrwros_gazebo_generate_messages_check_deps_ConveyorBeltControl
[  0%] Built target geometry_msgs_generate_messages_nodejs
[  0%] Built target std_msgs_generate_messages_nodejs
[  0%] Built target std_msgs_generate_messages_py
[  0%] Built target geometry_msgs_generate_messages_py
[  0%] Built target geometry_msgs_generate_messages_lisp
[  0%] Built target std_msgs_generate_messages_lisp
[  0%] Built target geometry_msgs_generate_messages_eus
[  0%] Built target std_msgs_generate_messages_eus
[  0%] Built target std_msgs_generate_messages_cpp
[  0%] Built target geometry_msgs_generate_messages_cpp
[  3%] Built target SideContactPlugin
[  6%] Built target ProximityRayPlugin
[  6%] Built target hrwros_gazebo_xacro_generated_to_devel_space_
[ 10%] Built target urdf_creator
[ 13%] Built target VacuumGripperPlugin
[ 25%] Built target hrwros_gazebo_generate_messages_nodejs
[ 36%] Built target hrwros_gazebo_generate_messages_cpp
[ 48%] Built target hrwros_gazebo_generate_messages_lisp
[ 63%] Built target hrwros_gazebo_generate_messages_py
[ 76%] Built target hrwros_gazebo_generate_messages_eus
[ 80%] Built target conveyor_spawner
[ 80%] Built target hrwros_gazebo_generate_messages
[ 83%] Built target ROSVacuumGripperPlugin
[ 86%] Built target ObjectDisposalPlugin
[ 90%] Built target urdf_creator_test_node
[ 93%] Built target ROSLogicalCameraPlugin
[ 96%] Built target conveyor_spawner_node
[100%] Built target ROSProximityRayPlugin
