[  0%] Built target _hrwros_gazebo_generate_messages_check_deps_LogicalCameraImage
[  0%] Built target _hrwros_gazebo_generate_messages_check_deps_VacuumGripperState
[  0%] Built target _hrwros_gazebo_generate_messages_check_deps_ConveyorBeltState
[  0%] Built target _hrwros_gazebo_generate_messages_check_deps_VacuumGripperControl
[  0%] Built target _hrwros_gazebo_generate_messages_check_deps_Model
[  0%] Built target _hrwros_gazebo_generate_messages_check_deps_Proximity
[  0%] Built target _hrwros_gazebo_generate_messages_check_deps_ConveyorBeltControl
[  0%] Built target std_msgs_generate_messages_nodejs
[  0%] Built target geometry_msgs_generate_messages_nodejs
[  0%] Built target std_msgs_generate_messages_py
[  0%] Built target geometry_msgs_generate_messages_py
[  0%] Built target geometry_msgs_generate_messages_lisp
[  0%] Built target geometry_msgs_generate_messages_eus
[  0%] Built target std_msgs_generate_messages_cpp
[  0%] Built target std_msgs_generate_messages_eus
[  0%] Built target geometry_msgs_generate_messages_cpp
[  3%] Built target SideContactPlugin
[  3%] Built target std_msgs_generate_messages_lisp
[  6%] Built target urdf_creator
[ 10%] Built target ProximityRayPlugin
[ 10%] Built target hrwros_gazebo_xacro_generated_to_devel_space_
[ 21%] Built target hrwros_gazebo_generate_messages_nodejs
[ 33%] Built target hrwros_gazebo_generate_messages_cpp
[ 36%] Built target VacuumGripperPlugin
[ 50%] Built target hrwros_gazebo_generate_messages_eus
[ 61%] Built target hrwros_gazebo_generate_messages_lisp
[ 76%] Built target hrwros_gazebo_generate_messages_py
[ 80%] Built target ObjectDisposalPlugin
[ 83%] Built target conveyor_spawner
[ 83%] Built target hrwros_gazebo_generate_messages
[ 86%] Built target ROSVacuumGripperPlugin
[ 90%] Built target ROSLogicalCameraPlugin
[ 93%] Built target ROSProximityRayPlugin
[ 96%] Built target urdf_creator_test_node
[100%] Built target conveyor_spawner_node
