Determining if the pthread_create exist failed with the following output:
Change Dir: /home/aitik/catkin_ws/build/ur_e_description/CMakeFiles/CMakeTmp

Run Build Command:"/usr/bin/make" "cmTC_639ba/fast"
/usr/bin/make -f CMakeFiles/cmTC_639ba.dir/build.make CMakeFiles/cmTC_639ba.dir/build
make[1]: Entering directory '/home/aitik/catkin_ws/build/ur_e_description/CMakeFiles/CMakeTmp'
Building C object CMakeFiles/cmTC_639ba.dir/CheckSymbolExists.c.o
/usr/bin/cc    -o CMakeFiles/cmTC_639ba.dir/CheckSymbolExists.c.o   -c /home/aitik/catkin_ws/build/ur_e_description/CMakeFiles/CMakeTmp/CheckSymbolExists.c
Linking C executable cmTC_639ba
/usr/bin/cmake -E cmake_link_script CMakeFiles/cmTC_639ba.dir/link.txt --verbose=1
/usr/bin/cc      -rdynamic CMakeFiles/cmTC_639ba.dir/CheckSymbolExists.c.o  -o cmTC_639ba 
CMakeFiles/cmTC_639ba.dir/CheckSymbolExists.c.o: In function `main':
CheckSymbolExists.c:(.text+0x1b): undefined reference to `pthread_create'
collect2: error: ld returned 1 exit status
CMakeFiles/cmTC_639ba.dir/build.make:97: recipe for target 'cmTC_639ba' failed
make[1]: *** [cmTC_639ba] Error 1
make[1]: Leaving directory '/home/aitik/catkin_ws/build/ur_e_description/CMakeFiles/CMakeTmp'
Makefile:126: recipe for target 'cmTC_639ba/fast' failed
make: *** [cmTC_639ba/fast] Error 2

File /home/aitik/catkin_ws/build/ur_e_description/CMakeFiles/CMakeTmp/CheckSymbolExists.c:
/* */
#include <pthread.h>

int main(int argc, char** argv)
{
  (void)argv;
#ifndef pthread_create
  return ((int*)(&pthread_create))[argc];
#else
  (void)argc;
  return 0;
#endif
}

Determining if the function pthread_create exists in the pthreads failed with the following output:
Change Dir: /home/aitik/catkin_ws/build/ur_e_description/CMakeFiles/CMakeTmp

Run Build Command:"/usr/bin/make" "cmTC_c5cde/fast"
/usr/bin/make -f CMakeFiles/cmTC_c5cde.dir/build.make CMakeFiles/cmTC_c5cde.dir/build
make[1]: Entering directory '/home/aitik/catkin_ws/build/ur_e_description/CMakeFiles/CMakeTmp'
Building C object CMakeFiles/cmTC_c5cde.dir/CheckFunctionExists.c.o
/usr/bin/cc   -DCHECK_FUNCTION_EXISTS=pthread_create   -o CMakeFiles/cmTC_c5cde.dir/CheckFunctionExists.c.o   -c /usr/share/cmake-3.10/Modules/CheckFunctionExists.c
Linking C executable cmTC_c5cde
/usr/bin/cmake -E cmake_link_script CMakeFiles/cmTC_c5cde.dir/link.txt --verbose=1
/usr/bin/cc  -DCHECK_FUNCTION_EXISTS=pthread_create    -rdynamic CMakeFiles/cmTC_c5cde.dir/CheckFunctionExists.c.o  -o cmTC_c5cde -lpthreads 
/usr/bin/ld: cannot find -lpthreads
collect2: error: ld returned 1 exit status
CMakeFiles/cmTC_c5cde.dir/build.make:97: recipe for target 'cmTC_c5cde' failed
make[1]: *** [cmTC_c5cde] Error 1
make[1]: Leaving directory '/home/aitik/catkin_ws/build/ur_e_description/CMakeFiles/CMakeTmp'
Makefile:126: recipe for target 'cmTC_c5cde/fast' failed
make: *** [cmTC_c5cde/fast] Error 2


