[  0%] Built target std_msgs_generate_messages_cpp
[  0%] Built target std_msgs_generate_messages_py
[  0%] Built target geometry_msgs_generate_messages_cpp
[  0%] Built target std_msgs_generate_messages_nodejs
[  0%] Built target geometry_msgs_generate_messages_py
[  0%] Built target _gazebo_conveyor_generate_messages_check_deps_ConveyorBeltState
[  0%] Built target _gazebo_conveyor_generate_messages_check_deps_ConveyorBeltControl
[  0%] Built target std_msgs_generate_messages_lisp
[ 11%] Built target ConveyorBeltPlugin
[ 11%] Built target geometry_msgs_generate_messages_nodejs
[ 11%] Built target geometry_msgs_generate_messages_eus
[ 11%] Built target std_msgs_generate_messages_eus
[ 23%] Built target gazebo_conveyor_generate_messages_cpp
[ 23%] Built target geometry_msgs_generate_messages_lisp
[ 41%] Built target gazebo_conveyor_generate_messages_eus
[ 64%] Built target gazebo_conveyor_generate_messages_py
[ 76%] Built target gazebo_conveyor_generate_messages_nodejs
[ 88%] Built target gazebo_conveyor_generate_messages_lisp
[100%] Built target ROSConveyorBeltPlugin
[100%] Built target gazebo_conveyor_generate_messages
