[  2%] Built target gazebo_ros_template
[  4%] Built target gazebo_ros_vacuum_gripper
[  7%] Built target gazebo_ros_range
[  9%] Built target gazebo_ros_planar_move
[ 12%] Built target gazebo_ros_ft_sensor
[ 12%] Built target diagnostic_msgs_generate_messages_nodejs
[ 12%] Built target tf2_msgs_generate_messages_eus
[ 14%] Built target gazebo_ros_video
[ 17%] Built target gazebo_ros_hand_of_god
[ 19%] Built target gazebo_ros_utils
[ 19%] Built target diagnostic_msgs_generate_messages_eus
[ 19%] Built target diagnostic_msgs_generate_messages_lisp
[ 19%] Built target dynamic_reconfigure_generate_messages_py
[ 19%] Built target polled_camera_generate_messages_cpp
[ 19%] Built target dynamic_reconfigure_generate_messages_eus
[ 19%] Built target polled_camera_generate_messages_eus
[ 19%] Built target dynamic_reconfigure_generate_messages_nodejs
[ 19%] Built target polled_camera_generate_messages_py
[ 19%] Built target geometry_msgs_generate_messages_lisp
[ 19%] Built target std_srvs_generate_messages_cpp
[ 19%] Built target geometry_msgs_generate_messages_py
[ 19%] Built target geometry_msgs_generate_messages_eus
[ 19%] Built target tf2_msgs_generate_messages_nodejs
[ 19%] Built target std_srvs_generate_messages_py
[ 19%] Built target sensor_msgs_generate_messages_nodejs
[ 19%] Built target roscpp_generate_messages_cpp
[ 19%] Built target polled_camera_generate_messages_nodejs
[ 19%] Built target trajectory_msgs_generate_messages_eus
[ 19%] Built target actionlib_generate_messages_cpp
[ 19%] Built target roscpp_generate_messages_py
[ 19%] Built target trajectory_msgs_generate_messages_cpp
[ 19%] Built target std_msgs_generate_messages_cpp
[ 19%] Built target polled_camera_generate_messages_lisp
[ 19%] Built target dynamic_reconfigure_generate_messages_cpp
[ 19%] Built target tf_generate_messages_py
[ 19%] Built target sensor_msgs_generate_messages_py
[ 19%] Built target sensor_msgs_generate_messages_eus
[ 19%] Built target trajectory_msgs_generate_messages_py
[ 19%] Built target actionlib_msgs_generate_messages_nodejs
[ 19%] Built target geometry_msgs_generate_messages_nodejs
[ 19%] Built target nodelet_generate_messages_py
[ 19%] Built target std_msgs_generate_messages_eus
[ 19%] Built target gazebo_msgs_generate_messages_eus
[ 19%] Built target gazebo_msgs_generate_messages_py
[ 19%] Built target sensor_msgs_generate_messages_lisp
[ 19%] Built target nav_msgs_generate_messages_nodejs
[ 19%] Built target bond_generate_messages_py
[ 19%] Built target std_srvs_generate_messages_nodejs
[ 19%] Built target nodelet_generate_messages_cpp
[ 19%] Built target geometry_msgs_generate_messages_cpp
[ 19%] Built target actionlib_generate_messages_lisp
[ 19%] Built target nav_msgs_generate_messages_cpp
[ 19%] Built target dynamic_reconfigure_generate_messages_lisp
[ 19%] Built target bond_generate_messages_lisp
[ 19%] Built target gazebo_msgs_generate_messages_cpp
[ 19%] Built target std_msgs_generate_messages_nodejs
[ 19%] Built target sensor_msgs_generate_messages_cpp
[ 19%] Built target diagnostic_msgs_generate_messages_py
[ 19%] Built target std_srvs_generate_messages_eus
[ 19%] Built target std_msgs_generate_messages_lisp
[ 19%] Built target roscpp_generate_messages_lisp
[ 19%] Built target gazebo_msgs_generate_messages_lisp
[ 19%] Built target roscpp_generate_messages_nodejs
[ 19%] Built target _catkin_empty_exported_target
[ 19%] Built target std_msgs_generate_messages_py
[ 19%] Built target rosgraph_msgs_generate_messages_cpp
[ 19%] Built target bond_generate_messages_eus
[ 19%] Built target gazebo_msgs_generate_messages_nodejs
[ 19%] Built target std_srvs_generate_messages_lisp
[ 19%] Built target rosgraph_msgs_generate_messages_eus
[ 19%] Built target nodelet_generate_messages_lisp
[ 19%] Built target rosgraph_msgs_generate_messages_lisp
[ 19%] Built target rosgraph_msgs_generate_messages_nodejs
[ 19%] Built target roscpp_generate_messages_eus
[ 19%] Built target nodelet_generate_messages_eus
[ 19%] Built target rosgraph_msgs_generate_messages_py
[ 19%]