Determining if the pthread_create exist failed with the following output:
Change Dir: /home/aitik/catkin_ws/build/gazebo_msgs/CMakeFiles/CMakeTmp

Run Build Command:"/usr/bin/make" "cmTC_c1dc1/fast"
/usr/bin/make -f CMakeFiles/cmTC_c1dc1.dir/build.make CMakeFiles/cmTC_c1dc1.dir/build
make[1]: Entering directory '/home/aitik/catkin_ws/build/gazebo_msgs/CMakeFiles/CMakeTmp'
Building C object CMakeFiles/cmTC_c1dc1.dir/CheckSymbolExists.c.o
/usr/bin/cc    -o CMakeFiles/cmTC_c1dc1.dir/CheckSymbolExists.c.o   -c /home/aitik/catkin_ws/build/gazebo_msgs/CMakeFiles/CMakeTmp/CheckSymbolExists.c
Linking C executable cmTC_c1dc1
/usr/bin/cmake -E cmake_link_script CMakeFiles/cmTC_c1dc1.dir/link.txt --verbose=1
/usr/bin/cc      -rdynamic CMakeFiles/cmTC_c1dc1.dir/CheckSymbolExists.c.o  -o cmTC_c1dc1 
CMakeFiles/cmTC_c1dc1.dir/CheckSymbolExists.c.o: In function `main':
CheckSymbolExists.c:(.text+0x1b): undefined reference to `pthread_create'
collect2: error: ld returned 1 exit status
CMakeFiles/cmTC_c1dc1.dir/build.make:97: recipe for target 'cmTC_c1dc1' failed
make[1]: *** [cmTC_c1dc1] Error 1
make[1]: Leaving directory '/home/aitik/catkin_ws/build/gazebo_msgs/CMakeFiles/CMakeTmp'
Makefile:126: recipe for target 'cmTC_c1dc1/fast' failed
make: *** [cmTC_c1dc1/fast] Error 2

File /home/aitik/catkin_ws/build/gazebo_msgs/CMakeFiles/CMakeTmp/CheckSymbolExists.c:
/* */
#include <pthread.h>

int main(int argc, char** argv)
{
  (void)argv;
#ifndef pthread_create
  return ((int*)(&pthread_create))[argc];
#else
  (void)argc;
  return 0;
#endif
}

Determining if the function pthread_create exists in the pthreads failed with the following output:
Change Dir: /home/aitik/catkin_ws/build/gazebo_msgs/CMakeFiles/CMakeTmp

Run Build Command:"/usr/bin/make" "cmTC_10585/fast"
/usr/bin/make -f CMakeFiles/cmTC_10585.dir/build.make CMakeFiles/cmTC_10585.dir/build
make[1]: Entering directory '/home/aitik/catkin_ws/build/gazebo_msgs/CMakeFiles/CMakeTmp'
Building C object CMakeFiles/cmTC_10585.dir/CheckFunctionExists.c.o
/usr/bin/cc   -DCHECK_FUNCTION_EXISTS=pthread_create   -o CMakeFiles/cmTC_10585.dir/CheckFunctionExists.c.o   -c /usr/share/cmake-3.10/Modules/CheckFunctionExists.c
Linking C executable cmTC_10585
/usr/bin/cmake -E cmake_link_script CMakeFiles/cmTC_10585.dir/link.txt --verbose=1
/usr/bin/cc  -DCHECK_FUNCTION_EXISTS=pthread_create    -rdynamic CMakeFiles/cmTC_10585.dir/CheckFunctionExists.c.o  -o cmTC_10585 -lpthreads 
/usr/bin/ld: cannot find -lpthreads
collect2: error: ld returned 1 exit status
CMakeFiles/cmTC_10585.dir/build.make:97: recipe for target 'cmTC_10585' failed
make[1]: *** [cmTC_10585] Error 1
make[1]: Leaving directory '/home/aitik/catkin_ws/build/gazebo_msgs/CMakeFiles/CMakeTmp'
Makefile:126: recipe for target 'cmTC_10585/fast' failed
make: *** [cmTC_10585/fast] Error 2


