Determining if the pthread_create exist failed with the following output:
Change Dir: /home/aitik/catkin_ws/build/gazebo_ros_link_attacher/CMakeFiles/CMakeTmp

Run Build Command:"/usr/bin/make" "cmTC_57c39/fast"
/usr/bin/make -f CMakeFiles/cmTC_57c39.dir/build.make CMakeFiles/cmTC_57c39.dir/build
make[1]: Entering directory '/home/aitik/catkin_ws/build/gazebo_ros_link_attacher/CMakeFiles/CMakeTmp'
Building C object CMakeFiles/cmTC_57c39.dir/CheckSymbolExists.c.o
/usr/bin/cc    -o CMakeFiles/cmTC_57c39.dir/CheckSymbolExists.c.o   -c /home/aitik/catkin_ws/build/gazebo_ros_link_attacher/CMakeFiles/CMakeTmp/CheckSymbolExists.c
Linking C executable cmTC_57c39
/usr/bin/cmake -E cmake_link_script CMakeFiles/cmTC_57c39.dir/link.txt --verbose=1
/usr/bin/cc      -rdynamic CMakeFiles/cmTC_57c39.dir/CheckSymbolExists.c.o  -o cmTC_57c39 
CMakeFiles/cmTC_57c39.dir/CheckSymbolExists.c.o: In function `main':
CheckSymbolExists.c:(.text+0x1b): undefined reference to `pthread_create'
collect2: error: ld returned 1 exit status
CMakeFiles/cmTC_57c39.dir/build.make:97: recipe for target 'cmTC_57c39' failed
make[1]: *** [cmTC_57c39] Error 1
make[1]: Leaving directory '/home/aitik/catkin_ws/build/gazebo_ros_link_attacher/CMakeFiles/CMakeTmp'
Makefile:126: recipe for target 'cmTC_57c39/fast' failed
make: *** [cmTC_57c39/fast] Error 2

File /home/aitik/catkin_ws/build/gazebo_ros_link_attacher/CMakeFiles/CMakeTmp/CheckSymbolExists.c:
/* */
#include <pthread.h>

int main(int argc, char** argv)
{
  (void)argv;
#ifndef pthread_create
  return ((int*)(&pthread_create))[argc];
#else
  (void)argc;
  return 0;
#endif
}

Determining if the function pthread_create exists in the pthreads failed with the following output:
Change Dir: /home/aitik/catkin_ws/build/gazebo_ros_link_attacher/CMakeFiles/CMakeTmp

Run Build Command:"/usr/bin/make" "cmTC_3721d/fast"
/usr/bin/make -f CMakeFiles/cmTC_3721d.dir/build.make CMakeFiles/cmTC_3721d.dir/build
make[1]: Entering directory '/home/aitik/catkin_ws/build/gazebo_ros_link_attacher/CMakeFiles/CMakeTmp'
Building C object CMakeFiles/cmTC_3721d.dir/CheckFunctionExists.c.o
/usr/bin/cc   -DCHECK_FUNCTION_EXISTS=pthread_create   -o CMakeFiles/cmTC_3721d.dir/CheckFunctionExists.c.o   -c /usr/share/cmake-3.10/Modules/CheckFunctionExists.c
Linking C executable cmTC_3721d
/usr/bin/cmake -E cmake_link_script CMakeFiles/cmTC_3721d.dir/link.txt --verbose=1
/usr/bin/cc  -DCHECK_FUNCTION_EXISTS=pthread_create    -rdynamic CMakeFiles/cmTC_3721d.dir/CheckFunctionExists.c.o  -o cmTC_3721d -lpthreads 
/usr/bin/ld: cannot find -lpthreads
collect2: error: ld returned 1 exit status
CMakeFiles/cmTC_3721d.dir/build.make:97: recipe for target 'cmTC_3721d' failed
make[1]: *** [cmTC_3721d] Error 1
make[1]: Leaving directory '/home/aitik/catkin_ws/build/gazebo_ros_link_attacher/CMakeFiles/CMakeTmp'
Makefile:126: recipe for target 'cmTC_3721d/fast' failed
make: *** [cmTC_3721d/fast] Error 2


