Linked: (/home/aitik/catkin_ws/devel/.private/pkg_ros_iot_bridge/include/pkg_ros_iot_bridge/msgRosIotFeedback.h, /home/aitik/catkin_ws/devel/include/pkg_ros_iot_bridge/msgRosIotFeedback.h)
Linked: (/home/aitik/catkin_ws/devel/.private/pkg_ros_iot_bridge/include/pkg_ros_iot_bridge/msgRosIotGoal.h, /home/aitik/catkin_ws/devel/include/pkg_ros_iot_bridge/msgRosIotGoal.h)
Linked: (/home/aitik/catkin_ws/devel/.private/pkg_ros_iot_bridge/include/pkg_ros_iot_bridge/msgRosIotActionGoal.h, /home/aitik/catkin_ws/devel/include/pkg_ros_iot_bridge/msgRosIotActionGoal.h)
Linked: (/home/aitik/catkin_ws/devel/.private/pkg_ros_iot_bridge/include/pkg_ros_iot_bridge/msgRosIotAction.h, /home/aitik/catkin_ws/devel/include/pkg_ros_iot_bridge/msgRosIotAction.h)
Linked: (/home/aitik/catkin_ws/devel/.private/pkg_ros_iot_bridge/include/pkg_ros_iot_bridge/msgMqttSub.h, /home/aitik/catkin_ws/devel/include/pkg_ros_iot_bridge/msgMqttSub.h)
Linked: (/home/aitik/catkin_ws/devel/.private/pkg_ros_iot_bridge/include/pkg_ros_iot_bridge/msgRosIotResult.h, /home/aitik/catkin_ws/devel/include/pkg_ros_iot_bridge/msgRosIotResult.h)
Linked: (/home/aitik/catkin_ws/devel/.private/pkg_ros_iot_bridge/include/pkg_ros_iot_bridge/msgRosIotActionFeedback.h, /home/aitik/catkin_ws/devel/include/pkg_ros_iot_bridge/msgRosIotActionFeedback.h)
Linked: (/home/aitik/catkin_ws/devel/.private/pkg_ros_iot_bridge/include/pkg_ros_iot_bridge/msgRosIotActionResult.h, /home/aitik/catkin_ws/devel/include/pkg_ros_iot_bridge/msgRosIotActionResult.h)
Linked: (/home/aitik/catkin_ws/devel/.private/pkg_ros_iot_bridge/lib/python2.7/dist-packages/pkg_ros_iot_bridge/__init__.py, /home/aitik/catkin_ws/devel/lib/python2.7/dist-packages/pkg_ros_iot_bridge/__init__.py)
Linked: (/home/aitik/catkin_ws/devel/.private/pkg_ros_iot_bridge/lib/python2.7/dist-packages/pkg_ros_iot_bridge/msg/_msgRosIotResult.py, /home/aitik/catkin_ws/devel/lib/python2.7/dist-packages/pkg_ros_iot_bridge/msg/_msgRosIotResult.py)
Linked: (/home/aitik/catkin_ws/devel/.private/pkg_ros_iot_bridge/lib/python2.7/dist-packages/pkg_ros_iot_bridge/msg/_msgRosIotFeedback.py, /home/aitik/catkin_ws/devel/lib/python2.7/dist-packages/pkg_ros_iot_bridge/msg/_msgRosIotFeedback.py)
Linked: (/home/aitik/catkin_ws/devel/.private/pkg_ros_iot_bridge/lib/python2.7/dist-packages/pkg_ros_iot_bridge/msg/_msgRosIotAction.py, /home/aitik/catkin_ws/devel/lib/python2.7/dist-packages/pkg_ros_iot_bridge/msg/_msgRosIotAction.py)
Linked: (/home/aitik/catkin_ws/devel/.private/pkg_ros_iot_bridge/lib/python2.7/dist-packages/pkg_ros_iot_bridge/msg/__init__.py, /home/aitik/catkin_ws/devel/lib/python2.7/dist-packages/pkg_ros_iot_bridge/msg/__init__.py)
Linked: (/home/aitik/catkin_ws/devel/.private/pkg_ros_iot_bridge/lib/python2.7/dist-packages/pkg_ros_iot_bridge/msg/_msgRosIotGoal.py, /home/aitik/catkin_ws/devel/lib/python2.7/dist-packages/pkg_ros_iot_bridge/msg/_msgRosIotGoal.py)
Linked: (/home/aitik/catkin_ws/devel/.private/pkg_ros_iot_bridge/lib/python2.7/dist-packages/pkg_ros_iot_bridge/msg/_msgRosIotActionGoal.py, /home/aitik/catkin_ws/devel/lib/python2.7/dist-packages/pkg_ros_iot_bridge/msg/_msgRosIotActionGoal.py)
Linked: (/home/aitik/catkin_ws/devel/.private/pkg_ros_iot_bridge/lib/python2.7/dist-packages/pkg_ros_iot_bridge/msg/_msgRosIotActionFeedback.py, /home/aitik/catkin_ws/devel/lib/python2.7/dist-packages/pkg_ros_iot_bridge/msg/_msgRosIotActionFeedback.py)
Linked: (/home/aitik/catkin_ws/devel/.private/pkg_ros_iot_bridge/lib/python2.7/dist-packages/pkg_ros_iot_bridge/msg/_msgRosIotActionResult.py, /home/aitik/catkin_ws/devel/lib/python2.7/dist-packages/pkg_ros_iot_bridge/msg/_msgRosIotActionResult.py)
Linked: (/home/aitik/catkin_ws/devel/.private/pkg_ros_iot_bridge/lib/python2.7/dist-packages/pkg_ros_iot_bridge/msg/_msgMqttSub.py, /home/aitik/catkin_ws/devel/lib/python2.7/dist-packages/pkg_ros_iot_bridge/msg/_msgMqttSub.py)
Linked: (/home/aitik/catkin_ws/devel/.private/pkg_ros_iot_bridge/lib/pkgconfig/pkg_ros_iot_bridge.pc, /home/aitik/catkin_ws/devel/lib/pkgconfig/pkg_ros_iot_bridge.pc)
Linked: (/home/aitik/catkin_ws/devel/.private/pkg_ros_iot_bridge/share/roseus/ros/pkg_ros_iot_bridge/manifest.l, /home/aitik/catkin_ws/devel/share/roseus/ros/pkg_ros_iot_bridge/manifest.l)
Linked: (/home/aitik/catkin_ws/devel/.private/pkg_ros_iot_bridge/share/roseus/ros/pkg_ros_iot_bridge/msg/msgRosIotActionGoal.l, /home/aitik/catkin_ws/devel/share/roseus/ros/pkg_ros_iot_bridge/msg/msgRosIotActionGoal.l)
Linked: (/home/aitik/catkin_ws/devel/.private/pkg_ros_iot_bridge/share/roseus/ros/pkg_ros_iot_bridge/msg/msgRosIotResult.l, /home/aitik/catkin_ws/devel/share/roseus/ros/pkg_ros_iot_bridge/msg/msgRosIotResult.l)
Linked: (/home/aitik/catkin_ws/devel/.private/pkg_ros_iot_bridge/share/roseus/ros/pkg_ros_iot_bridge/msg/msgRosIotFeedback.l, /home/aitik/catkin_ws/devel/share/roseus/ros/pkg_ros_iot_bridge/msg/msgRosIotFeedback.l)
Linked: (/home/aitik/catkin_ws/devel/.private/pkg_ros_iot_bridge/share/roseus/ros/pkg_ros_iot_bridge/msg/msgRosIotAction.l, /home/aitik/catkin_ws/devel/share/roseus/ros/pkg_ros_iot_bridge/msg/msgRosIotAction.l)
Linked: (/home/aitik/catkin_ws/devel/.private/pkg_ros_iot_bridge/share/roseus/ros/pkg_ros_iot_bridge/msg/msgRosIotGoal.l, /home/aitik/catkin_ws/devel/share/roseus/ros/pkg_ros_iot_bridge/msg/msgRosIotGoal.l)
Linked: (/home/aitik/catkin_ws/devel/.private/pkg_ros_iot_bridge/share/roseus/ros/pkg_ros_iot_bridge/msg/msgRosIotActionResult.l, /home/aitik/catkin_ws/devel/share/roseus/ros/pkg_ros_iot_bridge/msg/msgRosIotActionResult.l)
Linked: (/home/aitik/catkin_ws/devel/.private/pkg_ros_iot_bridge/share/roseus/ros/pkg_ros_iot_bridge/msg/msgMqttSub.l, /home/aitik/catkin_ws/devel/share/roseus/ros/pkg_ros_iot_bridge/msg/msgMqttSub.l)
Linked: (/home/aitik/catkin_ws/devel/.private/pkg_ros_iot_bridge/share/roseus/ros/pkg_ros_iot_bridge/msg/msgRosIotActionFeedback.l, /home/aitik/catkin_ws/devel/share/roseus/ros/pkg_ros_iot_bridge/msg/msgRosIotActionFeedback.l)
Linked: (/home/aitik/catkin_ws/devel/.private/pkg_ros_iot_bridge/share/common-lisp/ros/pkg_ros_iot_bridge/msg/msgMqttSub.lisp, /home/aitik/catkin_ws/devel/share/common-lisp/ros/pkg_ros_iot_bridge/msg/msgMqttSub.lisp)
Linked: (/home/aitik/catkin_ws/devel/.private/pkg_ros_iot_bridge/share/common-lisp/ros/pkg_ros_iot_bridge/msg/_package_msgRosIotFeedback.lisp, /home/aitik/catkin_ws/devel/share/common-lisp/ros/pkg_ros_iot_bridge/msg/_package_msgRosIotFeedback.lisp)
Linked: (/home/aitik/catkin_ws/devel/.private/pkg_ros_iot_bridge/share/common-lisp/ros/pkg_ros_iot_bridge/msg/_package_msgRosIotGoal.lisp, /home/aitik/catkin_ws/devel/share/common-lisp/ros/pkg_ros_iot_bridge/msg/_package_msgRosIotGoal.lisp)
Linked: (/home/aitik/catkin_ws/devel/.private/pkg_ros_iot_bridge/share/common-lisp/ros/pkg_ros_iot_bridge/msg/msgRosIotAction.lisp, /home/aitik/catkin_ws/devel/share/common-lisp/ros/pkg_ros_iot_bridge/msg/msgRosIotAction.lisp)
Linked: (/home/aitik/catkin_ws/devel/.private/pkg_ros_iot_bridge/share/common-lisp/ros/pkg_ros_iot_bridge/msg/_package.lisp, /home/aitik/catkin_ws/devel/share/common-lisp/ros/pkg_ros_iot_bridge/msg/_package.lisp)
Linked: (/home/aitik/catkin_ws/devel/.private/pkg_ros_iot_bridge/share/common-lisp/ros/pkg_ros_iot_bridge/msg/msgRosIotActionFeedback.lisp, /home/aitik/catkin_ws/devel/share/common-lisp/ros/pkg_ros_iot_bridge/msg/msgRosIotActionFeedback.lisp)
Linked: (/home/aitik/catkin_ws/devel/.private/pkg_ros_iot_bridge/share/common-lisp/ros/pkg_ros_iot_bridge/msg/msgRosIotGoal.lisp, /home/aitik/catkin_ws/devel/share/common-lisp/ros/pkg_ros_iot_bridge/msg/msgRosIotGoal.lisp)
Linked: (/home/aitik/catkin_ws/devel/.private/pkg_ros_iot_bridge/share/common-lisp/ros/pkg_ros_iot_bridge/msg/_package_msgRosIotAction.lisp, /home/aitik/catkin_ws/devel/share/common-lisp/ros/pkg_ros_iot_bridge/msg/_package_msgRosIotAction.lisp)
Linked: (/home/aitik/catkin_ws/devel/.private/pkg_ros_iot_bridge/share/common-lisp/ros/pkg_ros_iot_bridge/msg/msgRosIotResult.lisp, /home/aitik/catkin_ws/devel/share/common-lisp/ros/pkg_ros_iot_bridge/msg/msgRosIotResult.lisp)
Linked: (/home/aitik/catkin_ws/devel/.private/pkg_ros_iot_bridge/share/common-lisp/ros/pkg_ros_iot_bridge/msg/msgRosIotActionResult.lisp, /home/aitik/catkin_ws/devel/share/common-lisp/ros/pkg_ros_iot_bridge/msg/msgRosIotActionResult.lisp)
Linked: (/home/aitik/catkin_ws/devel/.private/pkg_ros_iot_bridge/share/common-lisp/ros/pkg_ros_iot_bridge/msg/msgRosIotActionGoal.lisp, /home/aitik/catkin_ws/devel/share/common-lisp/ros/pkg_ros_iot_bridge/msg/msgRosIotActionGoal.lisp)
Linked: (/home/aitik/catkin_ws/devel/.private/pkg_ros_iot_bridge/share/common-lisp/ros/pkg_ros_iot_bridge/msg/msgRosIotFeedback.lisp, /home/aitik/catkin_ws/devel/share/common-lisp/ros/pkg_ros_iot_bridge/msg/msgRosIotFeedback.lisp)
Linked: (/home/aitik/catkin_ws/devel/.private/pkg_ros_iot_bridge/share/common-lisp/ros/pkg_ros_iot_bridge/msg/_package_msgMqttSub.lisp, /home/aitik/catkin_ws/devel/share/common-lisp/ros/pkg_ros_iot_bridge/msg/_package_msgMqttSub.lisp)
Linked: (/home/aitik/catkin_ws/devel/.private/pkg_ros_iot_bridge/share/common-lisp/ros/pkg_ros_iot_bridge/msg/_package_msgRosIotActionFeedback.lisp, /home/aitik/catkin_ws/devel/share/common-lisp/ros/pkg_ros_iot_bridge/msg/_package_msgRosIotActionFeedback.lisp)
Linked: (/home/aitik/catkin_ws/devel/.private/pkg_ros_iot_bridge/share/common-lisp/ros/pkg_ros_iot_bridge/msg/_package_msgRosIotActionGoal.lisp, /home/aitik/catkin_ws/devel/share/common-lisp/ros/pkg_ros_iot_bridge/msg/_package_msgRosIotActionGoal.lisp)
Linked: (/home/aitik/catkin_ws/devel/.private/pkg_ros_iot_bridge/share/common-lisp/ros/pkg_ros_iot_bridge/msg/_package_msgRosIotActionResult.lisp, /home/aitik/catkin_ws/devel/share/common-lisp/ros/pkg_ros_iot_bridge/msg/_package_msgRosIotActionResult.lisp)
Linked: (/home/aitik/catkin_ws/devel/.private/pkg_ros_iot_bridge/share/common-lisp/ros/pkg_ros_iot_bridge/msg/pkg_ros_iot_bridge-msg.asd, /home/aitik/catkin_ws/devel/share/common-lisp/ros/pkg_ros_iot_bridge/msg/pkg_ros_iot_bridge-msg.asd)
Linked: (/home/aitik/catkin_ws/devel/.private/pkg_ros_iot_bridge/share/common-lisp/ros/pkg_ros_iot_bridge/msg/_package_msgRosIotResult.lisp, /home/aitik/catkin_ws/devel/share/common-lisp/ros/pkg_ros_iot_bridge/msg/_package_msgRosIotResult.lisp)
Linked: (/home/aitik/catkin_ws/devel/.private/pkg_ros_iot_bridge/share/pkg_ros_iot_bridge/cmake/pkg_ros_iot_bridge-msg-extras.cmake, /home/aitik/catkin_ws/devel/share/pkg_ros_iot_bridge/cmake/pkg_ros_iot_bridge-msg-extras.cmake)
Linked: (/home/aitik/catkin_ws/devel/.private/pkg_ros_iot_bridge/share/pkg_ros_iot_bridge/cmake/pkg_ros_iot_bridgeConfig-version.cmake, /home/aitik/catkin_ws/devel/share/pkg_ros_iot_bridge/cmake/pkg_ros_iot_bridgeConfig-version.cmake)
Linked: (/home/aitik/catkin_ws/devel/.private/pkg_ros_iot_bridge/share/pkg_ros_iot_bridge/cmake/pkg_ros_iot_bridge-msg-paths.cmake, /home/aitik/catkin_ws/devel/share/pkg_ros_iot_bridge/cmake/pkg_ros_iot_bridge-msg-paths.cmake)
Linked: (/home/aitik/catkin_ws/devel/.private/pkg_ros_iot_bridge/share/pkg_ros_iot_bridge/cmake/pkg_ros_iot_bridgeConfig.cmake, /home/aitik/catkin_ws/devel/share/pkg_ros_iot_bridge/cmake/pkg_ros_iot_bridgeConfig.cmake)
Linked: (/home/aitik/catkin_ws/devel/.private/pkg_ros_iot_bridge/share/pkg_ros_iot_bridge/msg/msgRosIotActionResult.msg, /home/aitik/catkin_ws/devel/share/pkg_ros_iot_bridge/msg/msgRosIotActionResult.msg)
Linked: (/home/aitik/catkin_ws/devel/.private/pkg_ros_iot_bridge/share/pkg_ros_iot_bridge/msg/msgRosIotActionGoal.msg, /home/aitik/catkin_ws/devel/share/pkg_ros_iot_bridge/msg/msgRosIotActionGoal.msg)
Linked: (/home/aitik/catkin_ws/devel/.private/pkg_ros_iot_bridge/share/pkg_ros_iot_bridge/msg/msgRosIotResult.msg, /home/aitik/catkin_ws/devel/share/pkg_ros_iot_bridge/msg/msgRosIotResult.msg)
Linked: (/home/aitik/catkin_ws/devel/.private/pkg_ros_iot_bridge/share/pkg_ros_iot_bridge/msg/msgRosIotFeedback.msg, /home/aitik/catkin_ws/devel/share/pkg_ros_iot_bridge/msg/msgRosIotFeedback.msg)
Linked: (/home/aitik/catkin_ws/devel/.private/pkg_ros_iot_bridge/share/pkg_ros_iot_bridge/msg/msgRosIotAction.msg, /home/aitik/catkin_ws/devel/share/pkg_ros_iot_bridge/msg/msgRosIotAction.msg)
Linked: (/home/aitik/catkin_ws/devel/.private/pkg_ros_iot_bridge/share/pkg_ros_iot_bridge/msg/msgRosIotGoal.msg, /home/aitik/catkin_ws/devel/share/pkg_ros_iot_bridge/msg/msgRosIotGoal.msg)
Linked: (/home/aitik/catkin_ws/devel/.private/pkg_ros_iot_bridge/share/pkg_ros_iot_bridge/msg/msgRosIotActionFeedback.msg, /home/aitik/catkin_ws/devel/share/pkg_ros_iot_bridge/msg/msgRosIotActionFeedback.msg)
Linked: (/home/aitik/catkin_ws/devel/.private/pkg_ros_iot_bridge/share/gennodejs/ros/pkg_ros_iot_bridge/_index.js, /home/aitik/catkin_ws/devel/share/gennodejs/ros/pkg_ros_iot_bridge/_index.js)
Linked: (/home/aitik/catkin_ws/devel/.private/pkg_ros_iot_bridge/share/gennodejs/ros/pkg_ros_iot_bridge/msg/msgRosIotResult.js, /home/aitik/catkin_ws/devel/share/gennodejs/ros/pkg_ros_iot_bridge/msg/msgRosIotResult.js)
Linked: (/home/aitik/catkin_ws/devel/.private/pkg_ros_iot_bridge/share/gennodejs/ros/pkg_ros_iot_bridge/msg/msgRosIotGoal.js, /home/aitik/catkin_ws/devel/share/gennodejs/ros/pkg_ros_iot_bridge/msg/msgRosIotGoal.js)
Linked: (/home/aitik/catkin_ws/devel/.private/pkg_ros_iot_bridge/share/gennodejs/ros/pkg_ros_iot_bridge/msg/_index.js, /home/aitik/catkin_ws/devel/share/gennodejs/ros/pkg_ros_iot_bridge/msg/_index.js)
Linked: (/home/aitik/catkin_ws/devel/.private/pkg_ros_iot_bridge/share/gennodejs/ros/pkg_ros_iot_bridge/msg/msgRosIotActionResult.js, /home/aitik/catkin_ws/devel/share/gennodejs/ros/pkg_ros_iot_bridge/msg/msgRosIotActionResult.js)
Linked: (/home/aitik/catkin_ws/devel/.private/pkg_ros_iot_bridge/share/gennodejs/ros/pkg_ros_iot_bridge/msg/msgRosIotActionGoal.js, /home/aitik/catkin_ws/devel/share/gennodejs/ros/pkg_ros_iot_bridge/msg/msgRosIotActionGoal.js)
Linked: (/home/aitik/catkin_ws/devel/.private/pkg_ros_iot_bridge/share/gennodejs/ros/pkg_ros_iot_bridge/msg/msgRosIotFeedback.js, /home/aitik/catkin_ws/devel/share/gennodejs/ros/pkg_ros_iot_bridge/msg/msgRosIotFeedback.js)
Linked: (/home/aitik/catkin_ws/devel/.private/pkg_ros_iot_bridge/share/gennodejs/ros/pkg_ros_iot_bridge/msg/msgRosIotActionFeedback.js, /home/aitik/catkin_ws/devel/share/gennodejs/ros/pkg_ros_iot_bridge/msg/msgRosIotActionFeedback.js)
Linked: (/home/aitik/catkin_ws/devel/.private/pkg_ros_iot_bridge/share/gennodejs/ros/pkg_ros_iot_bridge/msg/msgMqttSub.js, /home/aitik/catkin_ws/devel/share/gennodejs/ros/pkg_ros_iot_bridge/msg/msgMqttSub.js)
Linked: (/home/aitik/catkin_ws/devel/.private/pkg_ros_iot_bridge/share/gennodejs/ros/pkg_ros_iot_bridge/msg/msgRosIotAction.js, /home/aitik/catkin_ws/devel/share/gennodejs/ros/pkg_ros_iot_bridge/msg/msgRosIotAction.js)
