[  0%] Built target _pkg_vb_sim_generate_messages_check_deps_Model
[  0%] Built target _pkg_vb_sim_generate_messages_check_deps_ConveyorBeltControl
[  0%] Built target _pkg_vb_sim_generate_messages_check_deps_vacuumGripper
[  0%] Built target std_msgs_generate_messages_cpp
[  0%] Built target _pkg_vb_sim_generate_messages_check_deps_ConveyorBeltState
[  0%] Built target geometry_msgs_generate_messages_cpp
[  0%] Built target _pkg_vb_sim_generate_messages_check_deps_conveyorBeltPowerMsg
[  0%] Built target _pkg_vb_sim_generate_messages_check_deps_LogicalCameraImage
[  0%] Built target std_msgs_generate_messages_py
[  0%] Built target geometry_msgs_generate_messages_py
[  0%] Built target geometry_msgs_generate_messages_nodejs
[  0%] Built target std_msgs_generate_messages_nodejs
[  0%] Built target std_msgs_generate_messages_lisp
[  0%] Built target geometry_msgs_generate_messages_lisp
[  0%] Built target std_msgs_generate_messages_eus
[  0%] Built target geometry_msgs_generate_messages_eus
[  0%] Built target pkg_vb_sim_xacro_generated_to_devel_space_
[  3%] [34m[1mGenerating C++ code from pkg_vb_sim/ConveyorBeltState.msg[0m
[  6%] [34m[1mGenerating C++ code from pkg_vb_sim/LogicalCameraImage.msg[0m
[  9%] [34m[1mGenerating C++ code from pkg_vb_sim/Model.msg[0m
[ 12%] [34m[1mGenerating C++ code from pkg_vb_sim/ConveyorBeltControl.srv[0m
[ 15%] [34m[1mGenerating Python from MSG pkg_vb_sim/ConveyorBeltState[0m
[ 18%] [34m[1mGenerating Javascript code from pkg_vb_sim/ConveyorBeltState.msg[0m
[ 21%] [34m[1mGenerating C++ code from pkg_vb_sim/conveyorBeltPowerMsg.srv[0m
[ 24%] [34m[1mGenerating C++ code from pkg_vb_sim/vacuumGripper.srv[0m
[ 27%] [34m[1mGenerating Javascript code from pkg_vb_sim/LogicalCameraImage.msg[0m
[ 30%] [34m[1mGenerating Javascript code from pkg_vb_sim/Model.msg[0m
[ 30%] Built target pkg_vb_sim_generate_messages_cpp
[ 33%] [34m[1mGenerating Javascript code from pkg_vb_sim/ConveyorBeltControl.srv[0m
[ 36%] [34m[1mGenerating Javascript code from pkg_vb_sim/conveyorBeltPowerMsg.srv[0m
[ 39%] [34m[1mGenerating Python from MSG pkg_vb_sim/LogicalCameraImage[0m
[ 42%] [34m[1mGenerating Javascript code from pkg_vb_sim/vacuumGripper.srv[0m
[ 45%] [34m[1mGenerating Lisp code from pkg_vb_sim/ConveyorBeltState.msg[0m
[ 48%] [34m[1mGenerating Python from MSG pkg_vb_sim/Model[0m
[ 51%] [34m[1mGenerating Python code from SRV pkg_vb_sim/ConveyorBeltControl[0m
[ 51%] Built target pkg_vb_sim_generate_messages_nodejs
[ 54%] [34m[1mGenerating Python code from SRV pkg_vb_sim/conveyorBeltPowerMsg[0m
[ 57%] [34m[1mGenerating Python code from SRV pkg_vb_sim/vacuumGripper[0m
[ 60%] [34m[1mGenerating Lisp code from pkg_vb_sim/LogicalCameraImage.msg[0m
[ 63%] [34m[1mGenerating Python msg __init__.py for pkg_vb_sim[0m
[ 66%] [34m[1mGenerating Lisp code from pkg_vb_sim/Model.msg[0m
[ 69%] [34m[1mGenerating EusLisp code from pkg_vb_sim/ConveyorBeltState.msg[0m
[ 72%] [34m[1mGenerating Python srv __init__.py for pkg_vb_sim[0m
[ 75%] [34m[1mGenerating Lisp code from pkg_vb_sim/ConveyorBeltControl.srv[0m
[ 78%] [34m[1mGenerating Lisp code from pkg_vb_sim/conveyorBeltPowerMsg.srv[0m
[ 78%] Built target pkg_vb_sim_generate_messages_py
[ 81%] [34m[1mGenerating Lisp code from pkg_vb_sim/vacuumGripper.srv[0m
[ 84%] [34m[1mGenerating EusLisp code from pkg_vb_sim/LogicalCameraImage.msg[0m
[ 87%] [34m[1mGenerating EusLisp code from pkg_vb_sim/Model.msg[0m
[ 93%] [34m[1mGenerating EusLisp code from pkg_vb_sim/ConveyorBeltControl.srv[0m
[ 93%] [34m[1mGenerating EusLisp code from pkg_vb_sim/conveyorBeltPowerMsg.srv[0m
[ 93%] Built target pkg_vb_sim_generate_messages_lisp
[ 96%] [34m[1mGenerating EusLisp code from pkg_vb_sim/vacuumGripper.srv[0m
[100%] Built target pkg_vb_sim_generate_messages_eus
[100%] Built target pkg_vb_sim_generate_messages
