Determining if the pthread_create exist failed with the following output:
Change Dir: /home/aitik/catkin_ws/build/gazebo_ros_control/CMakeFiles/CMakeTmp

Run Build Command:"/usr/bin/make" "cmTC_440c1/fast"
/usr/bin/make -f CMakeFiles/cmTC_440c1.dir/build.make CMakeFiles/cmTC_440c1.dir/build
make[1]: Entering directory '/home/aitik/catkin_ws/build/gazebo_ros_control/CMakeFiles/CMakeTmp'
Building C object CMakeFiles/cmTC_440c1.dir/CheckSymbolExists.c.o
/usr/bin/cc    -o CMakeFiles/cmTC_440c1.dir/CheckSymbolExists.c.o   -c /home/aitik/catkin_ws/build/gazebo_ros_control/CMakeFiles/CMakeTmp/CheckSymbolExists.c
Linking C executable cmTC_440c1
/usr/bin/cmake -E cmake_link_script CMakeFiles/cmTC_440c1.dir/link.txt --verbose=1
/usr/bin/cc      -rdynamic CMakeFiles/cmTC_440c1.dir/CheckSymbolExists.c.o  -o cmTC_440c1 
CMakeFiles/cmTC_440c1.dir/CheckSymbolExists.c.o: In function `main':
CheckSymbolExists.c:(.text+0x1b): undefined reference to `pthread_create'
collect2: error: ld returned 1 exit status
CMakeFiles/cmTC_440c1.dir/build.make:97: recipe for target 'cmTC_440c1' failed
make[1]: *** [cmTC_440c1] Error 1
make[1]: Leaving directory '/home/aitik/catkin_ws/build/gazebo_ros_control/CMakeFiles/CMakeTmp'
Makefile:126: recipe for target 'cmTC_440c1/fast' failed
make: *** [cmTC_440c1/fast] Error 2

File /home/aitik/catkin_ws/build/gazebo_ros_control/CMakeFiles/CMakeTmp/CheckSymbolExists.c:
/* */
#include <pthread.h>

int main(int argc, char** argv)
{
  (void)argv;
#ifndef pthread_create
  return ((int*)(&pthread_create))[argc];
#else
  (void)argc;
  return 0;
#endif
}

Determining if the function pthread_create exists in the pthreads failed with the following output:
Change Dir: /home/aitik/catkin_ws/build/gazebo_ros_control/CMakeFiles/CMakeTmp

Run Build Command:"/usr/bin/make" "cmTC_aa738/fast"
/usr/bin/make -f CMakeFiles/cmTC_aa738.dir/build.make CMakeFiles/cmTC_aa738.dir/build
make[1]: Entering directory '/home/aitik/catkin_ws/build/gazebo_ros_control/CMakeFiles/CMakeTmp'
Building C object CMakeFiles/cmTC_aa738.dir/CheckFunctionExists.c.o
/usr/bin/cc   -DCHECK_FUNCTION_EXISTS=pthread_create   -o CMakeFiles/cmTC_aa738.dir/CheckFunctionExists.c.o   -c /usr/share/cmake-3.10/Modules/CheckFunctionExists.c
Linking C executable cmTC_aa738
/usr/bin/cmake -E cmake_link_script CMakeFiles/cmTC_aa738.dir/link.txt --verbose=1
/usr/bin/cc  -DCHECK_FUNCTION_EXISTS=pthread_create    -rdynamic CMakeFiles/cmTC_aa738.dir/CheckFunctionExists.c.o  -o cmTC_aa738 -lpthreads 
/usr/bin/ld: cannot find -lpthreads
collect2: error: ld returned 1 exit status
CMakeFiles/cmTC_aa738.dir/build.make:97: recipe for target 'cmTC_aa738' failed
make[1]: *** [cmTC_aa738] Error 1
make[1]: Leaving directory '/home/aitik/catkin_ws/build/gazebo_ros_control/CMakeFiles/CMakeTmp'
Makefile:126: recipe for target 'cmTC_aa738/fast' failed
make: *** [cmTC_aa738/fast] Error 2


