Determining if the pthread_create exist failed with the following output:
Change Dir: /home/aitik/catkin_ws/build/pkg_task4/CMakeFiles/CMakeTmp

Run Build Command:"/usr/bin/make" "cmTC_cf2ef/fast"
/usr/bin/make -f CMakeFiles/cmTC_cf2ef.dir/build.make CMakeFiles/cmTC_cf2ef.dir/build
make[1]: Entering directory '/home/aitik/catkin_ws/build/pkg_task4/CMakeFiles/CMakeTmp'
Building C object CMakeFiles/cmTC_cf2ef.dir/CheckSymbolExists.c.o
/usr/bin/cc    -o CMakeFiles/cmTC_cf2ef.dir/CheckSymbolExists.c.o   -c /home/aitik/catkin_ws/build/pkg_task4/CMakeFiles/CMakeTmp/CheckSymbolExists.c
Linking C executable cmTC_cf2ef
/usr/bin/cmake -E cmake_link_script CMakeFiles/cmTC_cf2ef.dir/link.txt --verbose=1
/usr/bin/cc      -rdynamic CMakeFiles/cmTC_cf2ef.dir/CheckSymbolExists.c.o  -o cmTC_cf2ef 
CMakeFiles/cmTC_cf2ef.dir/CheckSymbolExists.c.o: In function `main':
CheckSymbolExists.c:(.text+0x1b): undefined reference to `pthread_create'
collect2: error: ld returned 1 exit status
CMakeFiles/cmTC_cf2ef.dir/build.make:97: recipe for target 'cmTC_cf2ef' failed
make[1]: *** [cmTC_cf2ef] Error 1
make[1]: Leaving directory '/home/aitik/catkin_ws/build/pkg_task4/CMakeFiles/CMakeTmp'
Makefile:126: recipe for target 'cmTC_cf2ef/fast' failed
make: *** [cmTC_cf2ef/fast] Error 2

File /home/aitik/catkin_ws/build/pkg_task4/CMakeFiles/CMakeTmp/CheckSymbolExists.c:
/* */
#include <pthread.h>

int main(int argc, char** argv)
{
  (void)argv;
#ifndef pthread_create
  return ((int*)(&pthread_create))[argc];
#else
  (void)argc;
  return 0;
#endif
}

Determining if the function pthread_create exists in the pthreads failed with the following output:
Change Dir: /home/aitik/catkin_ws/build/pkg_task4/CMakeFiles/CMakeTmp

Run Build Command:"/usr/bin/make" "cmTC_d30ff/fast"
/usr/bin/make -f CMakeFiles/cmTC_d30ff.dir/build.make CMakeFiles/cmTC_d30ff.dir/build
make[1]: Entering directory '/home/aitik/catkin_ws/build/pkg_task4/CMakeFiles/CMakeTmp'
Building C object CMakeFiles/cmTC_d30ff.dir/CheckFunctionExists.c.o
/usr/bin/cc   -DCHECK_FUNCTION_EXISTS=pthread_create   -o CMakeFiles/cmTC_d30ff.dir/CheckFunctionExists.c.o   -c /usr/share/cmake-3.10/Modules/CheckFunctionExists.c
Linking C executable cmTC_d30ff
/usr/bin/cmake -E cmake_link_script CMakeFiles/cmTC_d30ff.dir/link.txt --verbose=1
/usr/bin/cc  -DCHECK_FUNCTION_EXISTS=pthread_create    -rdynamic CMakeFiles/cmTC_d30ff.dir/CheckFunctionExists.c.o  -o cmTC_d30ff -lpthreads 
/usr/bin/ld: cannot find -lpthreads
collect2: error: ld returned 1 exit status
CMakeFiles/cmTC_d30ff.dir/build.make:97: recipe for target 'cmTC_d30ff' failed
make[1]: *** [cmTC_d30ff] Error 1
make[1]: Leaving directory '/home/aitik/catkin_ws/build/pkg_task4/CMakeFiles/CMakeTmp'
Makefile:126: recipe for target 'cmTC_d30ff/fast' failed
make: *** [cmTC_d30ff/fast] Error 2


